Drill report for C:\Users\dbs99\Desktop\Gesinen\PlacaSlave3AGesinen\PlacaSlave3AGesinen\PlacaSlave3AGesinen.kicad_pcb
Created on 23/11/2021 11:21:26

Copper Layer Stackup:
    =============================================================
    L1 :  F.Cu                      front
    L2 :  B.Cu                      back


Drill file 'PlacaSlave3AGesinen-PTH.drl' contains
    plated through holes:
    =============================================================
    T1  0,40mm  0,016"  (29 holes)
    T2  0,75mm  0,030"  (20 holes)
    T3  0,80mm  0,031"  (4 holes)
    T4  1,00mm  0,039"  (15 holes)
    T5  1,02mm  0,040"  (32 holes)

    Total plated holes count 100


Drill file 'PlacaSlave3AGesinen-NPTH.drl' contains
    unplated through holes:
    =============================================================
    T1  3,20mm  0,126"  (3 holes)

    Total unplated holes count 3
